# JRE version: Java(TM) SE Runtime Environment (8.0_144-b01) (build 1.8.0_144-b01)
# Java VM: Java HotSpot(TM) 64-Bit Server VM (25.144-b01 mixed mode windows-amd64 compressed oops)
Heap:
 PSYoungGen      total 408064K, used 252089K [0x00000000d5b00000, 0x00000000f0780000, 0x0000000100000000)
  eden space 387584K, 65% used [0x00000000d5b00000,0x00000000e512e4e8,0x00000000ed580000)
  from space 20480K, 0% used [0x00000000ed580000,0x00000000ed580000,0x00000000ee980000)
  to   space 19968K, 0% used [0x00000000ef400000,0x00000000ef400000,0x00000000f0780000)
 ParOldGen       total 112128K, used 31232K [0x0000000081000000, 0x0000000087d80000, 0x00000000d5b00000)
  object space 112128K, 27% used [0x0000000081000000,0x0000000082e80088,0x0000000087d80000)
 Metaspace       used 61272K, capacity 64342K, committed 64640K, reserved 1105920K
  class space    used 8436K, capacity 8989K, committed 9088K, reserved 1048576K
GC Heap History (10 events):
Event: 19.977 GC heap before
{Heap before GC invocations=14 (full 3):
 PSYoungGen      total 327168K, used 3167K [0x00000000d5b00000, 0x00000000efe00000, 0x0000000100000000)
  eden space 306176K, 0% used [0x00000000d5b00000,0x00000000d5b00000,0x00000000e8600000)
  from space 20992K, 15% used [0x00000000e8600000,0x00000000e8917e60,0x00000000e9a80000)
  to   space 20992K, 0% used [0x00000000ee980000,0x00000000ee980000,0x00000000efe00000)
 ParOldGen       total 82944K, used 38484K [0x0000000081000000, 0x0000000086100000, 0x00000000d5b00000)
  object space 82944K, 46% used [0x0000000081000000,0x0000000083595230,0x0000000086100000)
 Metaspace       used 57200K, capacity 59932K, committed 60080K, reserved 1101824K
  class space    used 7885K, capacity 8380K, committed 8448K, reserved 1048576K
Event: 20.252 GC heap after
Heap after GC invocations=14 (full 3):
 PSYoungGen      total 327168K, used 0K [0x00000000d5b00000, 0x00000000efe00000, 0x0000000100000000)
  eden space 306176K, 0% used [0x00000000d5b00000,0x00000000d5b00000,0x00000000e8600000)
  from space 20992K, 0% used [0x00000000e8600000,0x00000000e8600000,0x00000000e9a80000)
  to   space 20992K, 0% used [0x00000000ee980000,0x00000000ee980000,0x00000000efe00000)
 ParOldGen       total 112128K, used 28160K [0x0000000081000000, 0x0000000087d80000, 0x00000000d5b00000)
  object space 112128K, 25% used [0x0000000081000000,0x0000000082b80100,0x0000000087d80000)
 Metaspace       used 57196K, capacity 59926K, committed 60080K, reserved 1101824K
  class space    used 7884K, capacity 8379K, committed 8448K, reserved 1048576K
}
Event: 345.534 GC heap before
{Heap before GC invocations=15 (full 3):
 PSYoungGen      total 327168K, used 146605K [0x00000000d5b00000, 0x00000000efe00000, 0x0000000100000000)
  eden space 306176K, 47% used [0x00000000d5b00000,0x00000000dea2b4d0,0x00000000e8600000)
  from space 20992K, 0% used [0x00000000e8600000,0x00000000e8600000,0x00000000e9a80000)
  to   space 20992K, 0% used [0x00000000ee980000,0x00000000ee980000,0x00000000efe00000)
 ParOldGen       total 112128K, used 28160K [0x0000000081000000, 0x0000000087d80000, 0x00000000d5b00000)
  object space 112128K, 25% used [0x0000000081000000,0x0000000082b80100,0x0000000087d80000)
 Metaspace       used 60375K, capacity 63198K, committed 63488K, reserved 1103872K
  class space    used 8346K, capacity 8856K, committed 8960K, reserved 1048576K
Event: 345.552 GC heap after
Heap after GC invocations=15 (full 3):
 PSYoungGen      total 408576K, used 4879K [0x00000000d5b00000, 0x00000000f0880000, 0x0000000100000000)
  eden space 387584K, 0% used [0x00000000d5b00000,0x00000000d5b00000,0x00000000ed580000)
  from space 20992K, 23% used [0x00000000ee980000,0x00000000eee43d08,0x00000000efe00000)
  to   space 20480K, 0% used [0x00000000ed580000,0x00000000ed580000,0x00000000ee980000)
 ParOldGen       total 112128K, used 28168K [0x0000000081000000, 0x0000000087d80000, 0x00000000d5b00000)
  object space 112128K, 25% used [0x0000000081000000,0x0000000082b82100,0x0000000087d80000)
 Metaspace       used 60375K, capacity 63198K, committed 63488K, reserved 1103872K
  class space    used 8346K, capacity 8856K, committed 8960K, reserved 1048576K
}
Event: 345.552 GC heap before
{Heap before GC invocations=16 (full 4):
 PSYoungGen      total 408576K, used 4879K [0x00000000d5b00000, 0x00000000f0880000, 0x0000000100000000)
  eden space 387584K, 0% used [0x00000000d5b00000,0x00000000d5b00000,0x00000000ed580000)
  from space 20992K, 23% used [0x00000000ee980000,0x00000000eee43d08,0x00000000efe00000)
  to   space 20480K, 0% used [0x00000000ed580000,0x00000000ed580000,0x00000000ee980000)
 ParOldGen       total 112128K, used 28168K [0x0000000081000000, 0x0000000087d80000, 0x00000000d5b00000)
  object space 112128K, 25% used [0x0000000081000000,0x0000000082b82100,0x0000000087d80000)
 Metaspace       used 60375K, capacity 63198K, committed 63488K, reserved 1103872K
  class space    used 8346K, capacity 8856K, committed 8960K, reserved 1048576K
Event: 345.970 GC heap after
Heap after GC invocations=16 (full 4):
 PSYoungGen      total 408576K, used 0K [0x00000000d5b00000, 0x00000000f0880000, 0x0000000100000000)
  eden space 387584K, 0% used [0x00000000d5b00000,0x00000000d5b00000,0x00000000ed580000)
  from space 20992K, 0% used [0x00000000ee980000,0x00000000ee980000,0x00000000efe00000)
  to   space 20480K, 0% used [0x00000000ed580000,0x00000000ed580000,0x00000000ee980000)
 ParOldGen       total 112128K, used 29511K [0x0000000081000000, 0x0000000087d80000, 0x00000000d5b00000)
  object space 112128K, 26% used [0x0000000081000000,0x0000000082cd1e30,0x0000000087d80000)
 Metaspace       used 60375K, capacity 63198K, committed 63488K, reserved 1103872K
  class space    used 8346K, capacity 8856K, committed 8960K, reserved 1048576K
}
Event: 401.740 GC heap before
{Heap before GC invocations=17 (full 4):
 PSYoungGen      total 408576K, used 201926K [0x00000000d5b00000, 0x00000000f0880000, 0x0000000100000000)
  eden space 387584K, 52% used [0x00000000d5b00000,0x00000000e2031a08,0x00000000ed580000)
  from space 20992K, 0% used [0x00000000ee980000,0x00000000ee980000,0x00000000efe00000)
  to   space 20480K, 0% used [0x00000000ed580000,0x00000000ed580000,0x00000000ee980000)
 ParOldGen       total 112128K, used 29511K [0x0000000081000000, 0x0000000087d80000, 0x00000000d5b00000)
  object space 112128K, 26% used [0x0000000081000000,0x0000000082cd1e30,0x0000000087d80000)
 Metaspace       used 60806K, capacity 63838K, committed 64000K, reserved 1103872K
  class space    used 8394K, capacity 8929K, committed 8960K, reserved 1048576K
Event: 401.753 GC heap after
Heap after GC invocations=17 (full 4):
 PSYoungGen      total 408064K, used 4873K [0x00000000d5b00000, 0x00000000f0780000, 0x0000000100000000)
  eden space 387584K, 0% used [0x00000000d5b00000,0x00000000d5b00000,0x00000000ed580000)
  from space 20480K, 23% used [0x00000000ed580000,0x00000000eda42738,0x00000000ee980000)
  to   space 19968K, 0% used [0x00000000ef400000,0x00000000ef400000,0x00000000f0780000)
 ParOldGen       total 112128K, used 29519K [0x0000000081000000, 0x0000000087d80000, 0x00000000d5b00000)
  object space 112128K, 26% used [0x0000000081000000,0x0000000082cd3e30,0x0000000087d80000)
 Metaspace       used 60806K, capacity 63838K, committed 64000K, reserved 1103872K
  class space    used 8394K, capacity 8929K, committed 8960K, reserved 1048576K
}
Event: 401.753 GC heap before
{Heap before GC invocations=18 (full 5):
 PSYoungGen      total 408064K, used 4873K [0x00000000d5b00000, 0x00000000f0780000, 0x0000000100000000)
  eden space 387584K, 0% used [0x00000000d5b00000,0x00000000d5b00000,0x00000000ed580000)
  from space 20480K, 23% used [0x00000000ed580000,0x00000000eda42738,0x00000000ee980000)
  to   space 19968K, 0% used [0x00000000ef400000,0x00000000ef400000,0x00000000f0780000)
 ParOldGen       total 112128K, used 29519K [0x0000000081000000, 0x0000000087d80000, 0x00000000d5b00000)
  object space 112128K, 26% used [0x0000000081000000,0x0000000082cd3e30,0x0000000087d80000)
 Metaspace       used 60806K, capacity 63838K, committed 64000K, reserved 1103872K
  class space    used 8394K, capacity 8929K, committed 8960K, reserved 1048576K
Event: 402.101 GC heap after
Heap after GC invocations=18 (full 5):
 PSYoungGen      total 408064K, used 0K [0x00000000d5b00000, 0x00000000f0780000, 0x0000000100000000)
  eden space 387584K, 0% used [0x00000000d5b00000,0x00000000d5b00000,0x00000000ed580000)
  from space 20480K, 0% used [0x00000000ed580000,0x00000000ed580000,0x00000000ee980000)
  to   space 19968K, 0% used [0x00000000ef400000,0x00000000ef400000,0x00000000f0780000)
 ParOldGen       total 112128K, used 31232K [0x0000000081000000, 0x0000000087d80000, 0x00000000d5b00000)
  object space 112128K, 27% used [0x0000000081000000,0x0000000082e80088,0x0000000087d80000)
 Metaspace       used 60803K, capacity 63832K, committed 64000K, reserved 1103872K
  class space    used 8394K, capacity 8928K, committed 8960K, reserved 1048576K
}

